; ModuleID = 'Bashba'
source_filename = "Bashba"

@fmt = private unnamed_addr constant [4 x i8] c"%d\0A\00", align 1
<<<<<<< HEAD
@str = private unnamed_addr constant [14 x i8] c"important.txt\00", align 1
@str.1 = private unnamed_addr constant [12 x i8] c"hacking.txt\00", align 1
@str.2 = private unnamed_addr constant [10 x i8] c"files.txt\00", align 1
@str.3 = private unnamed_addr constant [18 x i8] c"thanks_bashba.txt\00", align 1
=======
@str = private unnamed_addr constant [17 x i8] c"hello world, 15!\00", align 1
>>>>>>> 2c05b934088d88649aa951ecb3379931f2ad9d38

declare i32 @printf(i8*, ...)

define i32 @main() {
entry:
<<<<<<< HEAD
  %f = alloca i8*, align 8
  %f2 = alloca i8*, align 8
  %f3 = alloca i8*, align 8
  %f4 = alloca i8*, align 8
  store i8* getelementptr inbounds ([14 x i8], [14 x i8]* @str, i32 0, i32 0), i8** %f, align 8
  store i8* getelementptr inbounds ([12 x i8], [12 x i8]* @str.1, i32 0, i32 0), i8** %f2, align 8
  store i8* getelementptr inbounds ([10 x i8], [10 x i8]* @str.2, i32 0, i32 0), i8** %f3, align 8
  store i8* getelementptr inbounds ([18 x i8], [18 x i8]* @str.3, i32 0, i32 0), i8** %f4, align 8
=======
  %str = alloca i8*, align 8
  store i8* getelementptr inbounds ([17 x i8], [17 x i8]* @str, i32 0, i32 0), i8** %str, align 8
>>>>>>> 2c05b934088d88649aa951ecb3379931f2ad9d38
  ret i32 0
}
